{"C:\\Users\\SPECIAL AGENT\\projects\\reservationSystem\\__tests__\\helpers.js": {"path":"C:\\Users\\SPECIAL AGENT\\projects\\reservationSystem\\__tests__\\helpers.js","statementMap":{"0":{"start":{"line":1,"column":19},"end":{"line":1,"column":54}},"1":{"start":{"line":2,"column":14},"end":{"line":2,"column":44}},"2":{"start":{"line":3,"column":17},"end":{"line":3,"column":50}},"3":{"start":{"line":4,"column":20},"end":{"line":4,"column":56}},"4":{"start":{"line":9,"column":29},"end":{"line":15,"column":1}},"5":{"start":{"line":10,"column":2},"end":{"line":14,"column":5}},"6":{"start":{"line":20,"column":24},"end":{"line":26,"column":1}},"7":{"start":{"line":21,"column":2},"end":{"line":25,"column":5}},"8":{"start":{"line":31,"column":27},"end":{"line":36,"column":1}},"9":{"start":{"line":32,"column":2},"end":{"line":35,"column":5}},"10":{"start":{"line":41,"column":30},"end":{"line":50,"column":1}},"11":{"start":{"line":42,"column":2},"end":{"line":49,"column":5}},"12":{"start":{"line":52,"column":0},"end":{"line":57,"column":2}}},"fnMap":{"0":{"name":"(anonymous_0)","decl":{"start":{"line":9,"column":29},"end":{"line":9,"column":30}},"loc":{"start":{"line":9,"column":50},"end":{"line":15,"column":1}},"line":9},"1":{"name":"(anonymous_1)","decl":{"start":{"line":20,"column":24},"end":{"line":20,"column":25}},"loc":{"start":{"line":20,"column":59},"end":{"line":26,"column":1}},"line":20},"2":{"name":"(anonymous_2)","decl":{"start":{"line":31,"column":27},"end":{"line":31,"column":28}},"loc":{"start":{"line":31,"column":48},"end":{"line":36,"column":1}},"line":31},"3":{"name":"(anonymous_3)","decl":{"start":{"line":41,"column":30},"end":{"line":41,"column":31}},"loc":{"start":{"line":41,"column":46},"end":{"line":50,"column":1}},"line":41}},"branchMap":{"0":{"loc":{"start":{"line":9,"column":36},"end":{"line":9,"column":45}},"type":"default-arg","locations":[{"start":{"line":9,"column":43},"end":{"line":9,"column":45}}],"line":9},"1":{"loc":{"start":{"line":11,"column":10},"end":{"line":11,"column":40}},"type":"binary-expr","locations":[{"start":{"line":11,"column":10},"end":{"line":11,"column":19}},{"start":{"line":11,"column":23},"end":{"line":11,"column":40}}],"line":11},"2":{"loc":{"start":{"line":12,"column":14},"end":{"line":12,"column":41}},"type":"binary-expr","locations":[{"start":{"line":12,"column":14},"end":{"line":12,"column":27}},{"start":{"line":12,"column":31},"end":{"line":12,"column":41}}],"line":12},"3":{"loc":{"start":{"line":13,"column":15},"end":{"line":13,"column":43}},"type":"binary-expr","locations":[{"start":{"line":13,"column":15},"end":{"line":13,"column":29}},{"start":{"line":13,"column":33},"end":{"line":13,"column":43}}],"line":13},"4":{"loc":{"start":{"line":20,"column":45},"end":{"line":20,"column":54}},"type":"default-arg","locations":[{"start":{"line":20,"column":52},"end":{"line":20,"column":54}}],"line":20},"5":{"loc":{"start":{"line":22,"column":17},"end":{"line":22,"column":38}},"type":"binary-expr","locations":[{"start":{"line":22,"column":17},"end":{"line":22,"column":33}},{"start":{"line":22,"column":37},"end":{"line":22,"column":38}}],"line":22},"6":{"loc":{"start":{"line":23,"column":14},"end":{"line":23,"column":32}},"type":"binary-expr","locations":[{"start":{"line":23,"column":14},"end":{"line":23,"column":27}},{"start":{"line":23,"column":31},"end":{"line":23,"column":32}}],"line":23},"7":{"loc":{"start":{"line":31,"column":34},"end":{"line":31,"column":43}},"type":"default-arg","locations":[{"start":{"line":31,"column":41},"end":{"line":31,"column":43}}],"line":31},"8":{"loc":{"start":{"line":33,"column":10},"end":{"line":33,"column":33}},"type":"binary-expr","locations":[{"start":{"line":33,"column":10},"end":{"line":33,"column":19}},{"start":{"line":33,"column":23},"end":{"line":33,"column":33}}],"line":33},"9":{"loc":{"start":{"line":34,"column":11},"end":{"line":34,"column":95}},"type":"binary-expr","locations":[{"start":{"line":34,"column":11},"end":{"line":34,"column":21}},{"start":{"line":34,"column":25},"end":{"line":34,"column":95}}],"line":34},"10":{"loc":{"start":{"line":46,"column":15},"end":{"line":46,"column":34}},"type":"binary-expr","locations":[{"start":{"line":46,"column":15},"end":{"line":46,"column":29}},{"start":{"line":46,"column":33},"end":{"line":46,"column":34}}],"line":46}},"s":{"0":3,"1":3,"2":3,"3":3,"4":3,"5":35,"6":3,"7":26,"8":3,"9":19,"10":3,"11":14,"12":3},"f":{"0":35,"1":26,"2":19,"3":14},"b":{"0":[20],"1":[35,28],"2":[35,27],"3":[35,27],"4":[5],"5":[26,12],"6":[26,5],"7":[13],"8":[19,19],"9":[19,13],"10":[14,0]},"_coverageSchema":"1a1c01bbd47fc00a2c39e90264f33305004495a9","hash":"9026fcfdcbfbc49abe5d7e3c2b79a9ca6762bb11"}
,"C:\\Users\\SPECIAL AGENT\\projects\\reservationSystem\\__tests__\\testDb.js": {"path":"C:\\Users\\SPECIAL AGENT\\projects\\reservationSystem\\__tests__\\testDb.js","statementMap":{"0":{"start":{"line":1,"column":22},"end":{"line":1,"column":42}},"1":{"start":{"line":4,"column":22},"end":{"line":7,"column":2}},"2":{"start":{"line":9,"column":0},"end":{"line":12,"column":2}}},"fnMap":{},"branchMap":{},"s":{"0":4,"1":4,"2":4},"f":{},"b":{},"_coverageSchema":"1a1c01bbd47fc00a2c39e90264f33305004495a9","hash":"5ba96f58f32516c13e739e43c1173f80e3555314"}
,"C:\\Users\\SPECIAL AGENT\\projects\\reservationSystem\\src\\app.js": {"path":"C:\\Users\\SPECIAL AGENT\\projects\\reservationSystem\\src\\app.js","statementMap":{"0":{"start":{"line":1,"column":16},"end":{"line":1,"column":34}},"1":{"start":{"line":3,"column":25},"end":{"line":3,"column":61}},"2":{"start":{"line":4,"column":26},"end":{"line":4,"column":63}},"3":{"start":{"line":5,"column":20},"end":{"line":5,"column":51}},"4":{"start":{"line":6,"column":23},"end":{"line":6,"column":57}},"5":{"start":{"line":9,"column":19},"end":{"line":9,"column":41}},"6":{"start":{"line":10,"column":12},"end":{"line":10,"column":21}},"7":{"start":{"line":11,"column":0},"end":{"line":11,"column":27}},"8":{"start":{"line":13,"column":0},"end":{"line":13,"column":42}},"9":{"start":{"line":14,"column":0},"end":{"line":14,"column":44}},"10":{"start":{"line":15,"column":0},"end":{"line":15,"column":21}},"11":{"start":{"line":16,"column":0},"end":{"line":16,"column":38}},"12":{"start":{"line":19,"column":0},"end":{"line":21,"column":3}},"13":{"start":{"line":20,"column":2},"end":{"line":20,"column":27}},"14":{"start":{"line":23,"column":0},"end":{"line":23,"column":21}}},"fnMap":{"0":{"name":"(anonymous_0)","decl":{"start":{"line":19,"column":13},"end":{"line":19,"column":14}},"loc":{"start":{"line":19,"column":27},"end":{"line":21,"column":1}},"line":19}},"branchMap":{},"s":{"0":4,"1":4,"2":4,"3":4,"4":4,"5":4,"6":4,"7":4,"8":4,"9":4,"10":4,"11":4,"12":4,"13":0,"14":4},"f":{"0":0},"b":{},"_coverageSchema":"1a1c01bbd47fc00a2c39e90264f33305004495a9","hash":"487092be52b835d85907ba0fde97bc43708fccf1"}
,"C:\\Users\\SPECIAL AGENT\\projects\\reservationSystem\\src\\controllers\\customerController.js": {"path":"C:\\Users\\SPECIAL AGENT\\projects\\reservationSystem\\src\\controllers\\customerController.js","statementMap":{"0":{"start":{"line":1,"column":17},"end":{"line":1,"column":46}},"1":{"start":{"line":6,"column":23},"end":{"line":33,"column":1}},"2":{"start":{"line":7,"column":2},"end":{"line":32,"column":3}},"3":{"start":{"line":8,"column":28},"end":{"line":8,"column":36}},"4":{"start":{"line":10,"column":4},"end":{"line":14,"column":5}},"5":{"start":{"line":11,"column":6},"end":{"line":13,"column":9}},"6":{"start":{"line":17,"column":29},"end":{"line":17,"column":73}},"7":{"start":{"line":18,"column":4},"end":{"line":22,"column":5}},"8":{"start":{"line":19,"column":6},"end":{"line":21,"column":9}},"9":{"start":{"line":24,"column":21},"end":{"line":24,"column":59}},"10":{"start":{"line":26,"column":4},"end":{"line":26,"column":35}},"11":{"start":{"line":28,"column":4},"end":{"line":28,"column":25}},"12":{"start":{"line":29,"column":4},"end":{"line":31,"column":7}},"13":{"start":{"line":38,"column":24},"end":{"line":57,"column":1}},"14":{"start":{"line":39,"column":2},"end":{"line":56,"column":3}},"15":{"start":{"line":40,"column":19},"end":{"line":40,"column":29}},"16":{"start":{"line":42,"column":21},"end":{"line":42,"column":48}},"17":{"start":{"line":44,"column":4},"end":{"line":48,"column":5}},"18":{"start":{"line":45,"column":6},"end":{"line":47,"column":9}},"19":{"start":{"line":50,"column":4},"end":{"line":50,"column":23}},"20":{"start":{"line":52,"column":4},"end":{"line":52,"column":25}},"21":{"start":{"line":53,"column":4},"end":{"line":55,"column":7}},"22":{"start":{"line":62,"column":24},"end":{"line":72,"column":1}},"23":{"start":{"line":63,"column":2},"end":{"line":71,"column":3}},"24":{"start":{"line":64,"column":22},"end":{"line":64,"column":46}},"25":{"start":{"line":65,"column":4},"end":{"line":65,"column":24}},"26":{"start":{"line":67,"column":4},"end":{"line":67,"column":25}},"27":{"start":{"line":68,"column":4},"end":{"line":70,"column":7}},"28":{"start":{"line":74,"column":0},"end":{"line":78,"column":2}}},"fnMap":{"0":{"name":"(anonymous_0)","decl":{"start":{"line":6,"column":23},"end":{"line":6,"column":24}},"loc":{"start":{"line":6,"column":43},"end":{"line":33,"column":1}},"line":6},"1":{"name":"(anonymous_1)","decl":{"start":{"line":38,"column":24},"end":{"line":38,"column":25}},"loc":{"start":{"line":38,"column":44},"end":{"line":57,"column":1}},"line":38},"2":{"name":"(anonymous_2)","decl":{"start":{"line":62,"column":24},"end":{"line":62,"column":25}},"loc":{"start":{"line":62,"column":44},"end":{"line":72,"column":1}},"line":62}},"branchMap":{"0":{"loc":{"start":{"line":10,"column":4},"end":{"line":14,"column":5}},"type":"if","locations":[{"start":{"line":10,"column":4},"end":{"line":14,"column":5}},{"start":{},"end":{}}],"line":10},"1":{"loc":{"start":{"line":10,"column":8},"end":{"line":10,"column":23}},"type":"binary-expr","locations":[{"start":{"line":10,"column":8},"end":{"line":10,"column":13}},{"start":{"line":10,"column":17},"end":{"line":10,"column":23}}],"line":10},"2":{"loc":{"start":{"line":18,"column":4},"end":{"line":22,"column":5}},"type":"if","locations":[{"start":{"line":18,"column":4},"end":{"line":22,"column":5}},{"start":{},"end":{}}],"line":18},"3":{"loc":{"start":{"line":44,"column":4},"end":{"line":48,"column":5}},"type":"if","locations":[{"start":{"line":44,"column":4},"end":{"line":48,"column":5}},{"start":{},"end":{}}],"line":44}},"s":{"0":4,"1":4,"2":5,"3":5,"4":5,"5":2,"6":3,"7":3,"8":1,"9":2,"10":2,"11":0,"12":0,"13":4,"14":2,"15":2,"16":2,"17":2,"18":1,"19":1,"20":0,"21":0,"22":4,"23":2,"24":2,"25":2,"26":0,"27":0,"28":4},"f":{"0":5,"1":2,"2":2},"b":{"0":[2,3],"1":[5,4],"2":[1,2],"3":[1,1]},"_coverageSchema":"1a1c01bbd47fc00a2c39e90264f33305004495a9","hash":"7473f22ac45358378827cb911b8a54f4735572e7"}
,"C:\\Users\\SPECIAL AGENT\\projects\\reservationSystem\\src\\controllers\\reservationControllers.js": {"path":"C:\\Users\\SPECIAL AGENT\\projects\\reservationSystem\\src\\controllers\\reservationControllers.js","statementMap":{"0":{"start":{"line":1,"column":37},"end":{"line":1,"column":80}},"1":{"start":{"line":2,"column":15},"end":{"line":2,"column":35}},"2":{"start":{"line":3,"column":20},"end":{"line":3,"column":52}},"3":{"start":{"line":4,"column":14},"end":{"line":4,"column":40}},"4":{"start":{"line":5,"column":17},"end":{"line":5,"column":46}},"5":{"start":{"line":10,"column":43},"end":{"line":27,"column":1}},"6":{"start":{"line":11,"column":21},"end":{"line":11,"column":35}},"7":{"start":{"line":12,"column":2},"end":{"line":12,"column":34}},"8":{"start":{"line":14,"column":19},"end":{"line":14,"column":33}},"9":{"start":{"line":15,"column":2},"end":{"line":15,"column":37}},"10":{"start":{"line":17,"column":2},"end":{"line":26,"column":5}},"11":{"start":{"line":29,"column":26},"end":{"line":49,"column":1}},"12":{"start":{"line":30,"column":2},"end":{"line":48,"column":3}},"13":{"start":{"line":31,"column":72},"end":{"line":31,"column":80}},"14":{"start":{"line":33,"column":4},"end":{"line":35,"column":5}},"15":{"start":{"line":34,"column":6},"end":{"line":34,"column":74}},"16":{"start":{"line":37,"column":24},"end":{"line":43,"column":6}},"17":{"start":{"line":45,"column":4},"end":{"line":45,"column":45}},"18":{"start":{"line":47,"column":4},"end":{"line":47,"column":60}},"19":{"start":{"line":54,"column":37},"end":{"line":70,"column":1}},"20":{"start":{"line":55,"column":2},"end":{"line":69,"column":3}},"21":{"start":{"line":56,"column":33},"end":{"line":56,"column":43}},"22":{"start":{"line":57,"column":21},"end":{"line":57,"column":30}},"23":{"start":{"line":59,"column":4},"end":{"line":61,"column":5}},"24":{"start":{"line":60,"column":6},"end":{"line":60,"column":93}},"25":{"start":{"line":63,"column":25},"end":{"line":63,"column":85}},"26":{"start":{"line":65,"column":4},"end":{"line":65,"column":34}},"27":{"start":{"line":67,"column":4},"end":{"line":67,"column":25}},"28":{"start":{"line":68,"column":4},"end":{"line":68,"column":77}},"29":{"start":{"line":74,"column":26},"end":{"line":96,"column":1}},"30":{"start":{"line":75,"column":2},"end":{"line":95,"column":3}},"31":{"start":{"line":76,"column":19},"end":{"line":76,"column":29}},"32":{"start":{"line":78,"column":24},"end":{"line":78,"column":54}},"33":{"start":{"line":80,"column":4},"end":{"line":84,"column":5}},"34":{"start":{"line":81,"column":6},"end":{"line":83,"column":9}},"35":{"start":{"line":86,"column":4},"end":{"line":86,"column":32}},"36":{"start":{"line":88,"column":4},"end":{"line":90,"column":7}},"37":{"start":{"line":92,"column":4},"end":{"line":94,"column":7}},"38":{"start":{"line":100,"column":26},"end":{"line":169,"column":1}},"39":{"start":{"line":101,"column":2},"end":{"line":168,"column":3}},"40":{"start":{"line":102,"column":19},"end":{"line":102,"column":29}},"41":{"start":{"line":103,"column":46},"end":{"line":103,"column":54}},"42":{"start":{"line":105,"column":24},"end":{"line":105,"column":54}},"43":{"start":{"line":107,"column":4},"end":{"line":109,"column":5}},"44":{"start":{"line":108,"column":6},"end":{"line":108,"column":72}},"45":{"start":{"line":112,"column":4},"end":{"line":116,"column":5}},"46":{"start":{"line":113,"column":6},"end":{"line":115,"column":9}},"47":{"start":{"line":118,"column":21},"end":{"line":118,"column":76}},"48":{"start":{"line":119,"column":19},"end":{"line":119,"column":68}},"49":{"start":{"line":120,"column":25},"end":{"line":120,"column":59}},"50":{"start":{"line":123,"column":19},"end":{"line":128,"column":6}},"51":{"start":{"line":130,"column":25},"end":{"line":130,"column":29}},"52":{"start":{"line":132,"column":4},"end":{"line":146,"column":5}},"53":{"start":{"line":133,"column":23},"end":{"line":140,"column":8}},"54":{"start":{"line":142,"column":6},"end":{"line":145,"column":7}},"55":{"start":{"line":143,"column":8},"end":{"line":143,"column":31}},"56":{"start":{"line":144,"column":8},"end":{"line":144,"column":14}},"57":{"start":{"line":149,"column":4},"end":{"line":153,"column":5}},"58":{"start":{"line":150,"column":6},"end":{"line":152,"column":9}},"59":{"start":{"line":156,"column":4},"end":{"line":156,"column":37}},"60":{"start":{"line":157,"column":4},"end":{"line":157,"column":33}},"61":{"start":{"line":158,"column":4},"end":{"line":158,"column":41}},"62":{"start":{"line":159,"column":4},"end":{"line":159,"column":44}},"63":{"start":{"line":161,"column":4},"end":{"line":161,"column":29}},"64":{"start":{"line":163,"column":4},"end":{"line":163,"column":33}},"65":{"start":{"line":165,"column":4},"end":{"line":167,"column":7}},"66":{"start":{"line":172,"column":0},"end":{"line":177,"column":2}}},"fnMap":{"0":{"name":"(anonymous_0)","decl":{"start":{"line":10,"column":43},"end":{"line":10,"column":44}},"loc":{"start":{"line":10,"column":73},"end":{"line":27,"column":1}},"line":10},"1":{"name":"(anonymous_1)","decl":{"start":{"line":29,"column":26},"end":{"line":29,"column":27}},"loc":{"start":{"line":29,"column":46},"end":{"line":49,"column":1}},"line":29},"2":{"name":"(anonymous_2)","decl":{"start":{"line":54,"column":37},"end":{"line":54,"column":38}},"loc":{"start":{"line":54,"column":57},"end":{"line":70,"column":1}},"line":54},"3":{"name":"(anonymous_3)","decl":{"start":{"line":74,"column":26},"end":{"line":74,"column":27}},"loc":{"start":{"line":74,"column":46},"end":{"line":96,"column":1}},"line":74},"4":{"name":"(anonymous_4)","decl":{"start":{"line":100,"column":26},"end":{"line":100,"column":27}},"loc":{"start":{"line":100,"column":46},"end":{"line":169,"column":1}},"line":100}},"branchMap":{"0":{"loc":{"start":{"line":33,"column":4},"end":{"line":35,"column":5}},"type":"if","locations":[{"start":{"line":33,"column":4},"end":{"line":35,"column":5}},{"start":{},"end":{}}],"line":33},"1":{"loc":{"start":{"line":33,"column":8},"end":{"line":33,"column":76}},"type":"binary-expr","locations":[{"start":{"line":33,"column":8},"end":{"line":33,"column":21}},{"start":{"line":33,"column":25},"end":{"line":33,"column":36}},{"start":{"line":33,"column":40},"end":{"line":33,"column":50}},{"start":{"line":33,"column":54},"end":{"line":33,"column":64}},{"start":{"line":33,"column":68},"end":{"line":33,"column":76}}],"line":33},"2":{"loc":{"start":{"line":59,"column":4},"end":{"line":61,"column":5}},"type":"if","locations":[{"start":{"line":59,"column":4},"end":{"line":61,"column":5}},{"start":{},"end":{}}],"line":59},"3":{"loc":{"start":{"line":80,"column":4},"end":{"line":84,"column":5}},"type":"if","locations":[{"start":{"line":80,"column":4},"end":{"line":84,"column":5}},{"start":{},"end":{}}],"line":80},"4":{"loc":{"start":{"line":107,"column":4},"end":{"line":109,"column":5}},"type":"if","locations":[{"start":{"line":107,"column":4},"end":{"line":109,"column":5}},{"start":{},"end":{}}],"line":107},"5":{"loc":{"start":{"line":112,"column":4},"end":{"line":116,"column":5}},"type":"if","locations":[{"start":{"line":112,"column":4},"end":{"line":116,"column":5}},{"start":{},"end":{}}],"line":112},"6":{"loc":{"start":{"line":118,"column":21},"end":{"line":118,"column":76}},"type":"cond-expr","locations":[{"start":{"line":118,"column":33},"end":{"line":118,"column":52}},{"start":{"line":118,"column":55},"end":{"line":118,"column":76}}],"line":118},"7":{"loc":{"start":{"line":119,"column":19},"end":{"line":119,"column":68}},"type":"cond-expr","locations":[{"start":{"line":119,"column":29},"end":{"line":119,"column":46}},{"start":{"line":119,"column":49},"end":{"line":119,"column":68}}],"line":119},"8":{"loc":{"start":{"line":120,"column":25},"end":{"line":120,"column":59}},"type":"binary-expr","locations":[{"start":{"line":120,"column":25},"end":{"line":120,"column":34}},{"start":{"line":120,"column":38},"end":{"line":120,"column":59}}],"line":120},"9":{"loc":{"start":{"line":142,"column":6},"end":{"line":145,"column":7}},"type":"if","locations":[{"start":{"line":142,"column":6},"end":{"line":145,"column":7}},{"start":{},"end":{}}],"line":142},"10":{"loc":{"start":{"line":149,"column":4},"end":{"line":153,"column":5}},"type":"if","locations":[{"start":{"line":149,"column":4},"end":{"line":153,"column":5}},{"start":{},"end":{}}],"line":149}},"s":{"0":4,"1":4,"2":4,"3":4,"4":4,"5":4,"6":1,"7":1,"8":1,"9":1,"10":1,"11":4,"12":7,"13":7,"14":7,"15":1,"16":6,"17":3,"18":3,"19":4,"20":2,"21":2,"22":2,"23":2,"24":1,"25":1,"26":1,"27":0,"28":0,"29":4,"30":2,"31":2,"32":2,"33":2,"34":1,"35":1,"36":1,"37":0,"38":4,"39":6,"40":6,"41":6,"42":6,"43":6,"44":1,"45":5,"46":1,"47":4,"48":4,"49":4,"50":4,"51":4,"52":4,"53":4,"54":4,"55":3,"56":3,"57":4,"58":1,"59":3,"60":3,"61":3,"62":3,"63":3,"64":3,"65":0,"66":4},"f":{"0":1,"1":7,"2":2,"3":2,"4":6},"b":{"0":[1,6],"1":[7,6,6,6,6],"2":[1,1],"3":[1,1],"4":[1,5],"5":[1,4],"6":[2,2],"7":[2,2],"8":[4,2],"9":[3,1],"10":[1,3]},"_coverageSchema":"1a1c01bbd47fc00a2c39e90264f33305004495a9","hash":"3056f6f98394db01de44aca27863978ce7494564"}
,"C:\\Users\\SPECIAL AGENT\\projects\\reservationSystem\\src\\controllers\\restaurantControllers.js": {"path":"C:\\Users\\SPECIAL AGENT\\projects\\reservationSystem\\src\\controllers\\restaurantControllers.js","statementMap":{"0":{"start":{"line":1,"column":15},"end":{"line":1,"column":35}},"1":{"start":{"line":2,"column":19},"end":{"line":2,"column":50}},"2":{"start":{"line":3,"column":14},"end":{"line":3,"column":40}},"3":{"start":{"line":4,"column":20},"end":{"line":4,"column":52}},"4":{"start":{"line":5,"column":17},"end":{"line":5,"column":46}},"5":{"start":{"line":9,"column":25},"end":{"line":31,"column":1}},"6":{"start":{"line":10,"column":2},"end":{"line":30,"column":3}},"7":{"start":{"line":11,"column":42},"end":{"line":11,"column":50}},"8":{"start":{"line":13,"column":4},"end":{"line":17,"column":5}},"9":{"start":{"line":14,"column":6},"end":{"line":16,"column":9}},"10":{"start":{"line":19,"column":23},"end":{"line":23,"column":6}},"11":{"start":{"line":25,"column":4},"end":{"line":25,"column":44}},"12":{"start":{"line":27,"column":4},"end":{"line":29,"column":7}},"13":{"start":{"line":35,"column":26},"end":{"line":44,"column":1}},"14":{"start":{"line":36,"column":2},"end":{"line":43,"column":3}},"15":{"start":{"line":37,"column":24},"end":{"line":37,"column":50}},"16":{"start":{"line":38,"column":4},"end":{"line":38,"column":33}},"17":{"start":{"line":40,"column":4},"end":{"line":42,"column":7}},"18":{"start":{"line":47,"column":26},"end":{"line":76,"column":1}},"19":{"start":{"line":48,"column":2},"end":{"line":75,"column":3}},"20":{"start":{"line":49,"column":19},"end":{"line":49,"column":29}},"21":{"start":{"line":51,"column":23},"end":{"line":57,"column":6}},"22":{"start":{"line":59,"column":4},"end":{"line":63,"column":5}},"23":{"start":{"line":60,"column":6},"end":{"line":62,"column":9}},"24":{"start":{"line":65,"column":27},"end":{"line":65,"column":56}},"25":{"start":{"line":67,"column":4},"end":{"line":70,"column":5}},"26":{"start":{"line":72,"column":4},"end":{"line":74,"column":7}},"27":{"start":{"line":79,"column":38},"end":{"line":122,"column":1}},"28":{"start":{"line":80,"column":2},"end":{"line":121,"column":3}},"29":{"start":{"line":81,"column":19},"end":{"line":81,"column":29}},"30":{"start":{"line":82,"column":21},"end":{"line":82,"column":30}},"31":{"start":{"line":84,"column":27},"end":{"line":84,"column":29}},"32":{"start":{"line":85,"column":4},"end":{"line":95,"column":5}},"33":{"start":{"line":86,"column":25},"end":{"line":86,"column":39}},"34":{"start":{"line":87,"column":6},"end":{"line":87,"column":38}},"35":{"start":{"line":89,"column":23},"end":{"line":89,"column":37}},"36":{"start":{"line":90,"column":6},"end":{"line":90,"column":41}},"37":{"start":{"line":92,"column":6},"end":{"line":94,"column":8}},"38":{"start":{"line":97,"column":23},"end":{"line":111,"column":6}},"39":{"start":{"line":113,"column":4},"end":{"line":115,"column":5}},"40":{"start":{"line":114,"column":6},"end":{"line":114,"column":71}},"41":{"start":{"line":117,"column":4},"end":{"line":117,"column":25}},"42":{"start":{"line":119,"column":4},"end":{"line":119,"column":23}},"43":{"start":{"line":120,"column":4},"end":{"line":120,"column":68}},"44":{"start":{"line":124,"column":27},"end":{"line":175,"column":1}},"45":{"start":{"line":125,"column":2},"end":{"line":174,"column":3}},"46":{"start":{"line":126,"column":19},"end":{"line":126,"column":29}},"47":{"start":{"line":127,"column":46},"end":{"line":127,"column":55}},"48":{"start":{"line":129,"column":4},"end":{"line":133,"column":5}},"49":{"start":{"line":130,"column":6},"end":{"line":132,"column":9}},"50":{"start":{"line":135,"column":18},"end":{"line":135,"column":37}},"51":{"start":{"line":136,"column":16},"end":{"line":136,"column":33}},"52":{"start":{"line":139,"column":19},"end":{"line":146,"column":6}},"53":{"start":{"line":149,"column":28},"end":{"line":149,"column":30}},"54":{"start":{"line":151,"column":4},"end":{"line":163,"column":5}},"55":{"start":{"line":152,"column":23},"end":{"line":158,"column":8}},"56":{"start":{"line":160,"column":6},"end":{"line":162,"column":7}},"57":{"start":{"line":161,"column":8},"end":{"line":161,"column":36}},"58":{"start":{"line":165,"column":4},"end":{"line":169,"column":7}},"59":{"start":{"line":171,"column":4},"end":{"line":173,"column":7}},"60":{"start":{"line":180,"column":0},"end":{"line":186,"column":2}}},"fnMap":{"0":{"name":"(anonymous_0)","decl":{"start":{"line":9,"column":25},"end":{"line":9,"column":26}},"loc":{"start":{"line":9,"column":45},"end":{"line":31,"column":1}},"line":9},"1":{"name":"(anonymous_1)","decl":{"start":{"line":35,"column":26},"end":{"line":35,"column":27}},"loc":{"start":{"line":35,"column":46},"end":{"line":44,"column":1}},"line":35},"2":{"name":"(anonymous_2)","decl":{"start":{"line":47,"column":26},"end":{"line":47,"column":27}},"loc":{"start":{"line":47,"column":46},"end":{"line":76,"column":1}},"line":47},"3":{"name":"(anonymous_3)","decl":{"start":{"line":79,"column":38},"end":{"line":79,"column":39}},"loc":{"start":{"line":79,"column":58},"end":{"line":122,"column":1}},"line":79},"4":{"name":"(anonymous_4)","decl":{"start":{"line":124,"column":27},"end":{"line":124,"column":28}},"loc":{"start":{"line":124,"column":47},"end":{"line":175,"column":1}},"line":124}},"branchMap":{"0":{"loc":{"start":{"line":13,"column":4},"end":{"line":17,"column":5}},"type":"if","locations":[{"start":{"line":13,"column":4},"end":{"line":17,"column":5}},{"start":{},"end":{}}],"line":13},"1":{"loc":{"start":{"line":13,"column":8},"end":{"line":13,"column":40}},"type":"binary-expr","locations":[{"start":{"line":13,"column":8},"end":{"line":13,"column":13}},{"start":{"line":13,"column":17},"end":{"line":13,"column":26}},{"start":{"line":13,"column":30},"end":{"line":13,"column":40}}],"line":13},"2":{"loc":{"start":{"line":59,"column":4},"end":{"line":63,"column":5}},"type":"if","locations":[{"start":{"line":59,"column":4},"end":{"line":63,"column":5}},{"start":{},"end":{}}],"line":59},"3":{"loc":{"start":{"line":65,"column":27},"end":{"line":65,"column":56}},"type":"binary-expr","locations":[{"start":{"line":65,"column":27},"end":{"line":65,"column":51}},{"start":{"line":65,"column":55},"end":{"line":65,"column":56}}],"line":65},"4":{"loc":{"start":{"line":85,"column":4},"end":{"line":95,"column":5}},"type":"if","locations":[{"start":{"line":85,"column":4},"end":{"line":95,"column":5}},{"start":{},"end":{}}],"line":85},"5":{"loc":{"start":{"line":113,"column":4},"end":{"line":115,"column":5}},"type":"if","locations":[{"start":{"line":113,"column":4},"end":{"line":115,"column":5}},{"start":{},"end":{}}],"line":113},"6":{"loc":{"start":{"line":129,"column":4},"end":{"line":133,"column":5}},"type":"if","locations":[{"start":{"line":129,"column":4},"end":{"line":133,"column":5}},{"start":{},"end":{}}],"line":129},"7":{"loc":{"start":{"line":129,"column":8},"end":{"line":129,"column":30}},"type":"binary-expr","locations":[{"start":{"line":129,"column":8},"end":{"line":129,"column":18}},{"start":{"line":129,"column":22},"end":{"line":129,"column":30}}],"line":129},"8":{"loc":{"start":{"line":142,"column":12},"end":{"line":144,"column":9}},"type":"binary-expr","locations":[{"start":{"line":142,"column":12},"end":{"line":142,"column":21}},{"start":{"line":142,"column":25},"end":{"line":144,"column":9}}],"line":142},"9":{"loc":{"start":{"line":160,"column":6},"end":{"line":162,"column":7}},"type":"if","locations":[{"start":{"line":160,"column":6},"end":{"line":162,"column":7}},{"start":{},"end":{}}],"line":160}},"s":{"0":4,"1":4,"2":4,"3":4,"4":4,"5":4,"6":4,"7":4,"8":4,"9":3,"10":1,"11":1,"12":0,"13":4,"14":2,"15":2,"16":2,"17":0,"18":4,"19":3,"20":3,"21":3,"22":3,"23":1,"24":2,"25":2,"26":0,"27":4,"28":3,"29":3,"30":3,"31":3,"32":3,"33":2,"34":2,"35":2,"36":2,"37":2,"38":3,"39":3,"40":1,"41":2,"42":0,"43":0,"44":4,"45":5,"46":5,"47":5,"48":5,"49":2,"50":3,"51":3,"52":3,"53":3,"54":3,"55":5,"56":5,"57":4,"58":3,"59":0,"60":4},"f":{"0":4,"1":2,"2":3,"3":3,"4":5},"b":{"0":[3,1],"1":[4,3,2],"2":[1,2],"3":[2,1],"4":[2,1],"5":[1,2],"6":[2,3],"7":[5,4],"8":[3,1],"9":[4,1]},"_coverageSchema":"1a1c01bbd47fc00a2c39e90264f33305004495a9","hash":"980c6f2f5733ea6a7f01b53b7806a7f8a5865fbb"}
,"C:\\Users\\SPECIAL AGENT\\projects\\reservationSystem\\src\\controllers\\tableControllers.js": {"path":"C:\\Users\\SPECIAL AGENT\\projects\\reservationSystem\\src\\controllers\\tableControllers.js","statementMap":{"0":{"start":{"line":1,"column":30},"end":{"line":1,"column":50}},"1":{"start":{"line":4,"column":20},"end":{"line":35,"column":1}},"2":{"start":{"line":5,"column":2},"end":{"line":34,"column":3}},"3":{"start":{"line":6,"column":29},"end":{"line":6,"column":39}},"4":{"start":{"line":7,"column":38},"end":{"line":7,"column":46}},"5":{"start":{"line":9,"column":4},"end":{"line":13,"column":5}},"6":{"start":{"line":10,"column":6},"end":{"line":12,"column":9}},"7":{"start":{"line":16,"column":23},"end":{"line":16,"column":62}},"8":{"start":{"line":17,"column":4},"end":{"line":21,"column":5}},"9":{"start":{"line":18,"column":6},"end":{"line":20,"column":9}},"10":{"start":{"line":23,"column":18},"end":{"line":27,"column":6}},"11":{"start":{"line":29,"column":4},"end":{"line":29,"column":39}},"12":{"start":{"line":31,"column":4},"end":{"line":33,"column":7}},"13":{"start":{"line":38,"column":30},"end":{"line":61,"column":1}},"14":{"start":{"line":39,"column":2},"end":{"line":60,"column":3}},"15":{"start":{"line":40,"column":29},"end":{"line":40,"column":39}},"16":{"start":{"line":42,"column":23},"end":{"line":44,"column":6}},"17":{"start":{"line":46,"column":4},"end":{"line":50,"column":5}},"18":{"start":{"line":47,"column":6},"end":{"line":49,"column":9}},"19":{"start":{"line":52,"column":4},"end":{"line":55,"column":7}},"20":{"start":{"line":57,"column":4},"end":{"line":59,"column":7}},"21":{"start":{"line":63,"column":0},"end":{"line":66,"column":2}}},"fnMap":{"0":{"name":"(anonymous_0)","decl":{"start":{"line":4,"column":20},"end":{"line":4,"column":21}},"loc":{"start":{"line":4,"column":40},"end":{"line":35,"column":1}},"line":4},"1":{"name":"(anonymous_1)","decl":{"start":{"line":38,"column":30},"end":{"line":38,"column":31}},"loc":{"start":{"line":38,"column":50},"end":{"line":61,"column":1}},"line":38}},"branchMap":{"0":{"loc":{"start":{"line":9,"column":4},"end":{"line":13,"column":5}},"type":"if","locations":[{"start":{"line":9,"column":4},"end":{"line":13,"column":5}},{"start":{},"end":{}}],"line":9},"1":{"loc":{"start":{"line":9,"column":8},"end":{"line":9,"column":33}},"type":"binary-expr","locations":[{"start":{"line":9,"column":8},"end":{"line":9,"column":20}},{"start":{"line":9,"column":24},"end":{"line":9,"column":33}}],"line":9},"2":{"loc":{"start":{"line":17,"column":4},"end":{"line":21,"column":5}},"type":"if","locations":[{"start":{"line":17,"column":4},"end":{"line":21,"column":5}},{"start":{},"end":{}}],"line":17},"3":{"loc":{"start":{"line":46,"column":4},"end":{"line":50,"column":5}},"type":"if","locations":[{"start":{"line":46,"column":4},"end":{"line":50,"column":5}},{"start":{},"end":{}}],"line":46}},"s":{"0":4,"1":4,"2":8,"3":8,"4":8,"5":8,"6":2,"7":6,"8":6,"9":1,"10":5,"11":5,"12":0,"13":4,"14":4,"15":4,"16":4,"17":4,"18":1,"19":3,"20":0,"21":4},"f":{"0":8,"1":4},"b":{"0":[2,6],"1":[8,7],"2":[1,5],"3":[1,3]},"_coverageSchema":"1a1c01bbd47fc00a2c39e90264f33305004495a9","hash":"04422b546198a5127babe0751d3f12c502733c15"}
,"C:\\Users\\SPECIAL AGENT\\projects\\reservationSystem\\src\\models\\Customer.js": {"path":"C:\\Users\\SPECIAL AGENT\\projects\\reservationSystem\\src\\models\\Customer.js","statementMap":{"0":{"start":{"line":1,"column":22},"end":{"line":1,"column":42}},"1":{"start":{"line":2,"column":22},"end":{"line":2,"column":38}},"2":{"start":{"line":4,"column":17},"end":{"line":22,"column":1}},"3":{"start":{"line":24,"column":0},"end":{"line":24,"column":26}}},"fnMap":{},"branchMap":{},"s":{"0":4,"1":4,"2":4,"3":4},"f":{},"b":{},"_coverageSchema":"1a1c01bbd47fc00a2c39e90264f33305004495a9","hash":"6cea5d286587ed4cdb2a868f2861e2a48d68d669"}
,"C:\\Users\\SPECIAL AGENT\\projects\\reservationSystem\\src\\models\\Reservation.js": {"path":"C:\\Users\\SPECIAL AGENT\\projects\\reservationSystem\\src\\models\\Reservation.js","statementMap":{"0":{"start":{"line":1,"column":22},"end":{"line":1,"column":42}},"1":{"start":{"line":2,"column":22},"end":{"line":2,"column":38}},"2":{"start":{"line":4,"column":20},"end":{"line":31,"column":1}},"3":{"start":{"line":33,"column":0},"end":{"line":33,"column":29}}},"fnMap":{},"branchMap":{},"s":{"0":4,"1":4,"2":4,"3":4},"f":{},"b":{},"_coverageSchema":"1a1c01bbd47fc00a2c39e90264f33305004495a9","hash":"e9008da2dff4ba394ace84f7b520c42b9b906ac8"}
,"C:\\Users\\SPECIAL AGENT\\projects\\reservationSystem\\src\\models\\Restaurant.js": {"path":"C:\\Users\\SPECIAL AGENT\\projects\\reservationSystem\\src\\models\\Restaurant.js","statementMap":{"0":{"start":{"line":1,"column":22},"end":{"line":1,"column":42}},"1":{"start":{"line":2,"column":22},"end":{"line":2,"column":38}},"2":{"start":{"line":4,"column":19},"end":{"line":26,"column":1}},"3":{"start":{"line":28,"column":0},"end":{"line":28,"column":28}}},"fnMap":{},"branchMap":{},"s":{"0":4,"1":4,"2":4,"3":4},"f":{},"b":{},"_coverageSchema":"1a1c01bbd47fc00a2c39e90264f33305004495a9","hash":"20e192b57ceba0dfec3a0558633610cbfc8c33e8"}
,"C:\\Users\\SPECIAL AGENT\\projects\\reservationSystem\\src\\models\\Table.js": {"path":"C:\\Users\\SPECIAL AGENT\\projects\\reservationSystem\\src\\models\\Table.js","statementMap":{"0":{"start":{"line":1,"column":22},"end":{"line":1,"column":42}},"1":{"start":{"line":2,"column":22},"end":{"line":2,"column":38}},"2":{"start":{"line":4,"column":14},"end":{"line":21,"column":1}},"3":{"start":{"line":23,"column":0},"end":{"line":23,"column":23}}},"fnMap":{},"branchMap":{},"s":{"0":4,"1":4,"2":4,"3":4},"f":{},"b":{},"_coverageSchema":"1a1c01bbd47fc00a2c39e90264f33305004495a9","hash":"b92c0f24a45198e1d5faf79935c42387561ba09c"}
,"C:\\Users\\SPECIAL AGENT\\projects\\reservationSystem\\src\\models\\index.js": {"path":"C:\\Users\\SPECIAL AGENT\\projects\\reservationSystem\\src\\models\\index.js","statementMap":{"0":{"start":{"line":1,"column":19},"end":{"line":1,"column":42}},"1":{"start":{"line":2,"column":14},"end":{"line":2,"column":32}},"2":{"start":{"line":3,"column":17},"end":{"line":3,"column":38}},"3":{"start":{"line":4,"column":20},"end":{"line":4,"column":44}},"4":{"start":{"line":7,"column":0},"end":{"line":7,"column":58}},"5":{"start":{"line":8,"column":0},"end":{"line":8,"column":60}},"6":{"start":{"line":11,"column":0},"end":{"line":11,"column":64}},"7":{"start":{"line":12,"column":0},"end":{"line":12,"column":66}},"8":{"start":{"line":15,"column":0},"end":{"line":15,"column":54}},"9":{"start":{"line":16,"column":0},"end":{"line":16,"column":56}},"10":{"start":{"line":19,"column":0},"end":{"line":19,"column":60}},"11":{"start":{"line":20,"column":0},"end":{"line":20,"column":62}},"12":{"start":{"line":23,"column":0},"end":{"line":23,"column":62}},"13":{"start":{"line":24,"column":0},"end":{"line":24,"column":60}},"14":{"start":{"line":26,"column":0},"end":{"line":30,"column":2}}},"fnMap":{},"branchMap":{},"s":{"0":4,"1":4,"2":4,"3":4,"4":4,"5":4,"6":4,"7":4,"8":4,"9":4,"10":4,"11":4,"12":4,"13":4,"14":4},"f":{},"b":{},"_coverageSchema":"1a1c01bbd47fc00a2c39e90264f33305004495a9","hash":"e27087b194e02e4cc388f8916ddea414fd913bdc"}
,"C:\\Users\\SPECIAL AGENT\\projects\\reservationSystem\\src\\routes\\customerRoutes.js": {"path":"C:\\Users\\SPECIAL AGENT\\projects\\reservationSystem\\src\\routes\\customerRoutes.js","statementMap":{"0":{"start":{"line":1,"column":16},"end":{"line":1,"column":34}},"1":{"start":{"line":6,"column":4},"end":{"line":6,"column":48}},"2":{"start":{"line":8,"column":15},"end":{"line":8,"column":31}},"3":{"start":{"line":10,"column":0},"end":{"line":10,"column":33}},"4":{"start":{"line":11,"column":0},"end":{"line":11,"column":33}},"5":{"start":{"line":12,"column":0},"end":{"line":12,"column":36}},"6":{"start":{"line":14,"column":0},"end":{"line":14,"column":24}}},"fnMap":{},"branchMap":{},"s":{"0":4,"1":4,"2":4,"3":4,"4":4,"5":4,"6":4},"f":{},"b":{},"_coverageSchema":"1a1c01bbd47fc00a2c39e90264f33305004495a9","hash":"52166f668e964fdee480b67850e268979ea23122"}
,"C:\\Users\\SPECIAL AGENT\\projects\\reservationSystem\\src\\routes\\reservationRoutes.js": {"path":"C:\\Users\\SPECIAL AGENT\\projects\\reservationSystem\\src\\routes\\reservationRoutes.js","statementMap":{"0":{"start":{"line":1,"column":16},"end":{"line":1,"column":34}},"1":{"start":{"line":2,"column":15},"end":{"line":2,"column":31}},"2":{"start":{"line":8,"column":3},"end":{"line":8,"column":51}},"3":{"start":{"line":11,"column":0},"end":{"line":11,"column":36}},"4":{"start":{"line":14,"column":0},"end":{"line":14,"column":60}},"5":{"start":{"line":17,"column":0},"end":{"line":17,"column":41}},"6":{"start":{"line":20,"column":0},"end":{"line":20,"column":38}},"7":{"start":{"line":22,"column":0},"end":{"line":22,"column":24}}},"fnMap":{},"branchMap":{},"s":{"0":4,"1":4,"2":4,"3":4,"4":4,"5":4,"6":4,"7":4},"f":{},"b":{},"_coverageSchema":"1a1c01bbd47fc00a2c39e90264f33305004495a9","hash":"6e01e056ff543589369d6dcb460041808e8bac3f"}
,"C:\\Users\\SPECIAL AGENT\\projects\\reservationSystem\\src\\routes\\restaurantRoutes.js": {"path":"C:\\Users\\SPECIAL AGENT\\projects\\reservationSystem\\src\\routes\\restaurantRoutes.js","statementMap":{"0":{"start":{"line":1,"column":16},"end":{"line":1,"column":34}},"1":{"start":{"line":2,"column":15},"end":{"line":2,"column":31}},"2":{"start":{"line":10,"column":4},"end":{"line":10,"column":51}},"3":{"start":{"line":13,"column":0},"end":{"line":13,"column":35}},"4":{"start":{"line":16,"column":0},"end":{"line":16,"column":35}},"5":{"start":{"line":19,"column":0},"end":{"line":19,"column":38}},"6":{"start":{"line":22,"column":0},"end":{"line":22,"column":63}},"7":{"start":{"line":25,"column":0},"end":{"line":25,"column":56}},"8":{"start":{"line":27,"column":0},"end":{"line":27,"column":24}}},"fnMap":{},"branchMap":{},"s":{"0":4,"1":4,"2":4,"3":4,"4":4,"5":4,"6":4,"7":4,"8":4},"f":{},"b":{},"_coverageSchema":"1a1c01bbd47fc00a2c39e90264f33305004495a9","hash":"13b594030e3564688885cc9c814fae3d219cb863"}
,"C:\\Users\\SPECIAL AGENT\\projects\\reservationSystem\\src\\routes\\tableRoutes.js": {"path":"C:\\Users\\SPECIAL AGENT\\projects\\reservationSystem\\src\\routes\\tableRoutes.js","statementMap":{"0":{"start":{"line":1,"column":16},"end":{"line":1,"column":34}},"1":{"start":{"line":2,"column":15},"end":{"line":2,"column":31}},"2":{"start":{"line":7,"column":4},"end":{"line":7,"column":46}},"3":{"start":{"line":10,"column":0},"end":{"line":10,"column":62}},"4":{"start":{"line":13,"column":0},"end":{"line":13,"column":71}},"5":{"start":{"line":15,"column":0},"end":{"line":15,"column":24}}},"fnMap":{},"branchMap":{},"s":{"0":4,"1":4,"2":4,"3":4,"4":4,"5":4},"f":{},"b":{},"_coverageSchema":"1a1c01bbd47fc00a2c39e90264f33305004495a9","hash":"f503794ad1569004277bab8ad9e7079dae24f133"}
,"C:\\Users\\SPECIAL AGENT\\projects\\reservationSystem\\src\\services\\reservation.services.js": {"path":"C:\\Users\\SPECIAL AGENT\\projects\\reservationSystem\\src\\services\\reservation.services.js","statementMap":{"0":{"start":{"line":1,"column":15},"end":{"line":1,"column":35}},"1":{"start":{"line":2,"column":14},"end":{"line":2,"column":40}},"2":{"start":{"line":3,"column":20},"end":{"line":3,"column":52}},"3":{"start":{"line":4,"column":19},"end":{"line":4,"column":50}},"4":{"start":{"line":6,"column":33},"end":{"line":70,"column":1}},"5":{"start":{"line":14,"column":21},"end":{"line":14,"column":60}},"6":{"start":{"line":15,"column":2},"end":{"line":17,"column":3}},"7":{"start":{"line":16,"column":4},"end":{"line":16,"column":44}},"8":{"start":{"line":20,"column":20},"end":{"line":20,"column":40}},"9":{"start":{"line":21,"column":18},"end":{"line":21,"column":36}},"10":{"start":{"line":25,"column":19},"end":{"line":25,"column":62}},"11":{"start":{"line":26,"column":20},"end":{"line":26,"column":64}},"12":{"start":{"line":28,"column":2},"end":{"line":30,"column":3}},"13":{"start":{"line":29,"column":4},"end":{"line":29,"column":59}},"14":{"start":{"line":33,"column":25},"end":{"line":39,"column":4}},"15":{"start":{"line":41,"column":2},"end":{"line":43,"column":3}},"16":{"start":{"line":42,"column":4},"end":{"line":42,"column":64}},"17":{"start":{"line":46,"column":2},"end":{"line":66,"column":3}},"18":{"start":{"line":47,"column":21},"end":{"line":53,"column":6}},"19":{"start":{"line":55,"column":4},"end":{"line":65,"column":5}},"20":{"start":{"line":57,"column":6},"end":{"line":64,"column":9}},"21":{"start":{"line":69,"column":2},"end":{"line":69,"column":64}},"22":{"start":{"line":74,"column":0},"end":{"line":76,"column":2}}},"fnMap":{"0":{"name":"(anonymous_0)","decl":{"start":{"line":6,"column":33},"end":{"line":6,"column":34}},"loc":{"start":{"line":12,"column":6},"end":{"line":70,"column":1}},"line":12}},"branchMap":{"0":{"loc":{"start":{"line":15,"column":2},"end":{"line":17,"column":3}},"type":"if","locations":[{"start":{"line":15,"column":2},"end":{"line":17,"column":3}},{"start":{},"end":{}}],"line":15},"1":{"loc":{"start":{"line":28,"column":2},"end":{"line":30,"column":3}},"type":"if","locations":[{"start":{"line":28,"column":2},"end":{"line":30,"column":3}},{"start":{},"end":{}}],"line":28},"2":{"loc":{"start":{"line":28,"column":6},"end":{"line":28,"column":49}},"type":"binary-expr","locations":[{"start":{"line":28,"column":6},"end":{"line":28,"column":26}},{"start":{"line":28,"column":30},"end":{"line":28,"column":49}}],"line":28},"3":{"loc":{"start":{"line":41,"column":2},"end":{"line":43,"column":3}},"type":"if","locations":[{"start":{"line":41,"column":2},"end":{"line":43,"column":3}},{"start":{},"end":{}}],"line":41},"4":{"loc":{"start":{"line":55,"column":4},"end":{"line":65,"column":5}},"type":"if","locations":[{"start":{"line":55,"column":4},"end":{"line":65,"column":5}},{"start":{},"end":{}}],"line":55}},"s":{"0":4,"1":4,"2":4,"3":4,"4":4,"5":6,"6":6,"7":1,"8":5,"9":5,"10":5,"11":5,"12":5,"13":0,"14":5,"15":5,"16":1,"17":4,"18":4,"19":4,"20":3,"21":1,"22":4},"f":{"0":6},"b":{"0":[1,5],"1":[0,5],"2":[5,5],"3":[1,4],"4":[3,1]},"_coverageSchema":"1a1c01bbd47fc00a2c39e90264f33305004495a9","hash":"0178e316c7ea6ef3caf30d496b16f781ee676a1c"}
}
