TN:
SF:__tests__\helpers.js
FN:9,(anonymous_0)
FN:20,(anonymous_1)
FN:31,(anonymous_2)
FN:41,(anonymous_3)
FNF:4
FNH:4
FNDA:35,(anonymous_0)
FNDA:26,(anonymous_1)
FNDA:19,(anonymous_2)
FNDA:14,(anonymous_3)
DA:1,3
DA:2,3
DA:3,3
DA:4,3
DA:9,3
DA:10,35
DA:20,3
DA:21,26
DA:31,3
DA:32,19
DA:41,3
DA:42,14
DA:52,3
LF:13
LH:13
BRDA:9,0,0,20
BRDA:11,1,0,35
BRDA:11,1,1,28
BRDA:12,2,0,35
BRDA:12,2,1,27
BRDA:13,3,0,35
BRDA:13,3,1,27
BRDA:20,4,0,5
BRDA:22,5,0,26
BRDA:22,5,1,12
BRDA:23,6,0,26
BRDA:23,6,1,5
BRDA:31,7,0,13
BRDA:33,8,0,19
BRDA:33,8,1,19
BRDA:34,9,0,19
BRDA:34,9,1,13
BRDA:46,10,0,14
BRDA:46,10,1,0
BRF:19
BRH:18
end_of_record
TN:
SF:__tests__\testDb.js
FNF:0
FNH:0
DA:1,4
DA:4,4
DA:9,4
LF:3
LH:3
BRF:0
BRH:0
end_of_record
TN:
SF:src\app.js
FN:19,(anonymous_0)
FNF:1
FNH:0
FNDA:0,(anonymous_0)
DA:1,4
DA:3,4
DA:4,4
DA:5,4
DA:6,4
DA:9,4
DA:10,4
DA:11,4
DA:13,4
DA:14,4
DA:15,4
DA:16,4
DA:19,4
DA:20,0
DA:23,4
LF:15
LH:14
BRF:0
BRH:0
end_of_record
TN:
SF:src\controllers\customerController.js
FN:6,(anonymous_0)
FN:38,(anonymous_1)
FN:62,(anonymous_2)
FNF:3
FNH:3
FNDA:5,(anonymous_0)
FNDA:2,(anonymous_1)
FNDA:2,(anonymous_2)
DA:1,4
DA:6,4
DA:7,5
DA:8,5
DA:10,5
DA:11,2
DA:17,3
DA:18,3
DA:19,1
DA:24,2
DA:26,2
DA:28,0
DA:29,0
DA:38,4
DA:39,2
DA:40,2
DA:42,2
DA:44,2
DA:45,1
DA:50,1
DA:52,0
DA:53,0
DA:62,4
DA:63,2
DA:64,2
DA:65,2
DA:67,0
DA:68,0
DA:74,4
LF:29
LH:23
BRDA:10,0,0,2
BRDA:10,0,1,3
BRDA:10,1,0,5
BRDA:10,1,1,4
BRDA:18,2,0,1
BRDA:18,2,1,2
BRDA:44,3,0,1
BRDA:44,3,1,1
BRF:8
BRH:8
end_of_record
TN:
SF:src\controllers\reservationControllers.js
FN:10,(anonymous_0)
FN:29,(anonymous_1)
FN:54,(anonymous_2)
FN:74,(anonymous_3)
FN:100,(anonymous_4)
FNF:5
FNH:5
FNDA:1,(anonymous_0)
FNDA:7,(anonymous_1)
FNDA:2,(anonymous_2)
FNDA:2,(anonymous_3)
FNDA:6,(anonymous_4)
DA:1,4
DA:2,4
DA:3,4
DA:4,4
DA:5,4
DA:10,4
DA:11,1
DA:12,1
DA:14,1
DA:15,1
DA:17,1
DA:29,4
DA:30,7
DA:31,7
DA:33,7
DA:34,1
DA:37,6
DA:45,3
DA:47,3
DA:54,4
DA:55,2
DA:56,2
DA:57,2
DA:59,2
DA:60,1
DA:63,1
DA:65,1
DA:67,0
DA:68,0
DA:74,4
DA:75,2
DA:76,2
DA:78,2
DA:80,2
DA:81,1
DA:86,1
DA:88,1
DA:92,0
DA:100,4
DA:101,6
DA:102,6
DA:103,6
DA:105,6
DA:107,6
DA:108,1
DA:112,5
DA:113,1
DA:118,4
DA:119,4
DA:120,4
DA:123,4
DA:130,4
DA:132,4
DA:133,4
DA:142,4
DA:143,3
DA:144,3
DA:149,4
DA:150,1
DA:156,3
DA:157,3
DA:158,3
DA:159,3
DA:161,3
DA:163,3
DA:165,0
DA:172,4
LF:67
LH:63
BRDA:33,0,0,1
BRDA:33,0,1,6
BRDA:33,1,0,7
BRDA:33,1,1,6
BRDA:33,1,2,6
BRDA:33,1,3,6
BRDA:33,1,4,6
BRDA:59,2,0,1
BRDA:59,2,1,1
BRDA:80,3,0,1
BRDA:80,3,1,1
BRDA:107,4,0,1
BRDA:107,4,1,5
BRDA:112,5,0,1
BRDA:112,5,1,4
BRDA:118,6,0,2
BRDA:118,6,1,2
BRDA:119,7,0,2
BRDA:119,7,1,2
BRDA:120,8,0,4
BRDA:120,8,1,2
BRDA:142,9,0,3
BRDA:142,9,1,1
BRDA:149,10,0,1
BRDA:149,10,1,3
BRF:25
BRH:25
end_of_record
TN:
SF:src\controllers\restaurantControllers.js
FN:9,(anonymous_0)
FN:35,(anonymous_1)
FN:47,(anonymous_2)
FN:79,(anonymous_3)
FN:124,(anonymous_4)
FNF:5
FNH:5
FNDA:4,(anonymous_0)
FNDA:2,(anonymous_1)
FNDA:3,(anonymous_2)
FNDA:3,(anonymous_3)
FNDA:5,(anonymous_4)
DA:1,4
DA:2,4
DA:3,4
DA:4,4
DA:5,4
DA:9,4
DA:10,4
DA:11,4
DA:13,4
DA:14,3
DA:19,1
DA:25,1
DA:27,0
DA:35,4
DA:36,2
DA:37,2
DA:38,2
DA:40,0
DA:47,4
DA:48,3
DA:49,3
DA:51,3
DA:59,3
DA:60,1
DA:65,2
DA:67,2
DA:72,0
DA:79,4
DA:80,3
DA:81,3
DA:82,3
DA:84,3
DA:85,3
DA:86,2
DA:87,2
DA:89,2
DA:90,2
DA:92,2
DA:97,3
DA:113,3
DA:114,1
DA:117,2
DA:119,0
DA:120,0
DA:124,4
DA:125,5
DA:126,5
DA:127,5
DA:129,5
DA:130,2
DA:135,3
DA:136,3
DA:139,3
DA:149,3
DA:151,3
DA:152,5
DA:160,5
DA:161,4
DA:165,3
DA:171,0
DA:180,4
LF:61
LH:55
BRDA:13,0,0,3
BRDA:13,0,1,1
BRDA:13,1,0,4
BRDA:13,1,1,3
BRDA:13,1,2,2
BRDA:59,2,0,1
BRDA:59,2,1,2
BRDA:65,3,0,2
BRDA:65,3,1,1
BRDA:85,4,0,2
BRDA:85,4,1,1
BRDA:113,5,0,1
BRDA:113,5,1,2
BRDA:129,6,0,2
BRDA:129,6,1,3
BRDA:129,7,0,5
BRDA:129,7,1,4
BRDA:142,8,0,3
BRDA:142,8,1,1
BRDA:160,9,0,4
BRDA:160,9,1,1
BRF:21
BRH:21
end_of_record
TN:
SF:src\controllers\tableControllers.js
FN:4,(anonymous_0)
FN:38,(anonymous_1)
FNF:2
FNH:2
FNDA:8,(anonymous_0)
FNDA:4,(anonymous_1)
DA:1,4
DA:4,4
DA:5,8
DA:6,8
DA:7,8
DA:9,8
DA:10,2
DA:16,6
DA:17,6
DA:18,1
DA:23,5
DA:29,5
DA:31,0
DA:38,4
DA:39,4
DA:40,4
DA:42,4
DA:46,4
DA:47,1
DA:52,3
DA:57,0
DA:63,4
LF:22
LH:20
BRDA:9,0,0,2
BRDA:9,0,1,6
BRDA:9,1,0,8
BRDA:9,1,1,7
BRDA:17,2,0,1
BRDA:17,2,1,5
BRDA:46,3,0,1
BRDA:46,3,1,3
BRF:8
BRH:8
end_of_record
TN:
SF:src\models\Customer.js
FNF:0
FNH:0
DA:1,4
DA:2,4
DA:4,4
DA:24,4
LF:4
LH:4
BRF:0
BRH:0
end_of_record
TN:
SF:src\models\Reservation.js
FNF:0
FNH:0
DA:1,4
DA:2,4
DA:4,4
DA:33,4
LF:4
LH:4
BRF:0
BRH:0
end_of_record
TN:
SF:src\models\Restaurant.js
FNF:0
FNH:0
DA:1,4
DA:2,4
DA:4,4
DA:28,4
LF:4
LH:4
BRF:0
BRH:0
end_of_record
TN:
SF:src\models\Table.js
FNF:0
FNH:0
DA:1,4
DA:2,4
DA:4,4
DA:23,4
LF:4
LH:4
BRF:0
BRH:0
end_of_record
TN:
SF:src\models\index.js
FNF:0
FNH:0
DA:1,4
DA:2,4
DA:3,4
DA:4,4
DA:7,4
DA:8,4
DA:11,4
DA:12,4
DA:15,4
DA:16,4
DA:19,4
DA:20,4
DA:23,4
DA:24,4
DA:26,4
LF:15
LH:15
BRF:0
BRH:0
end_of_record
TN:
SF:src\routes\customerRoutes.js
FNF:0
FNH:0
DA:1,4
DA:6,4
DA:8,4
DA:10,4
DA:11,4
DA:12,4
DA:14,4
LF:7
LH:7
BRF:0
BRH:0
end_of_record
TN:
SF:src\routes\reservationRoutes.js
FNF:0
FNH:0
DA:1,4
DA:2,4
DA:8,4
DA:11,4
DA:14,4
DA:17,4
DA:20,4
DA:22,4
LF:8
LH:8
BRF:0
BRH:0
end_of_record
TN:
SF:src\routes\restaurantRoutes.js
FNF:0
FNH:0
DA:1,4
DA:2,4
DA:10,4
DA:13,4
DA:16,4
DA:19,4
DA:22,4
DA:25,4
DA:27,4
LF:9
LH:9
BRF:0
BRH:0
end_of_record
TN:
SF:src\routes\tableRoutes.js
FNF:0
FNH:0
DA:1,4
DA:2,4
DA:7,4
DA:10,4
DA:13,4
DA:15,4
LF:6
LH:6
BRF:0
BRH:0
end_of_record
TN:
SF:src\services\reservation.services.js
FN:6,(anonymous_0)
FNF:1
FNH:1
FNDA:6,(anonymous_0)
DA:1,4
DA:2,4
DA:3,4
DA:4,4
DA:6,4
DA:14,6
DA:15,6
DA:16,1
DA:20,5
DA:21,5
DA:25,5
DA:26,5
DA:28,5
DA:29,0
DA:33,5
DA:41,5
DA:42,1
DA:46,4
DA:47,4
DA:55,4
DA:57,3
DA:69,1
DA:74,4
LF:23
LH:22
BRDA:15,0,0,1
BRDA:15,0,1,5
BRDA:28,1,0,0
BRDA:28,1,1,5
BRDA:28,2,0,5
BRDA:28,2,1,5
BRDA:41,3,0,1
BRDA:41,3,1,4
BRDA:55,4,0,3
BRDA:55,4,1,1
BRF:10
BRH:9
end_of_record
